<?xml version="1.0" encoding="UTF-8"?>
<testsuite name="com.revature.services.T2" tests="1" skipped="0" failures="0" errors="0" timestamp="2022-02-09T20:31:23" hostname="DESKTOP-G06PAQD" time="0.754">
  <properties/>
  <testcase name="testGetRequest" classname="com.revature.services.T2" time="0.754"/>
  <system-out><![CDATA[]]></system-out>
  <system-err><![CDATA[]]></system-err>
</testsuite>
