<?xml version="1.0" encoding="UTF-8"?>
<testsuite name="com.revature.services.T1" tests="6" skipped="0" failures="0" errors="0" timestamp="2022-02-11T15:23:25" hostname="DESKTOP-TIIUBDO" time="2.411">
  <properties/>
  <testcase name="testGetAllUsers" classname="com.revature.services.T1" time="2.381"/>
  <testcase name="testdeleteUser" classname="com.revature.services.T1" time="0.013"/>
  <testcase name="testGetUserByUsernameAndPassword" classname="com.revature.services.T1" time="0.003"/>
  <testcase name="testGetUserById" classname="com.revature.services.T1" time="0.004"/>
  <testcase name="testCreate" classname="com.revature.services.T1" time="0.003"/>
  <testcase name="testUpdate" classname="com.revature.services.T1" time="0.002"/>
  <system-out><![CDATA[]]></system-out>
  <system-err><![CDATA[]]></system-err>
</testsuite>
